<?xml version="1.0" encoding="UTF-8"?>
<!-- Generated by org.testng.reporters.JUnitReportReporter -->
<testsuite skipped="0" hostname="DESKTOP-5LTT133" name="Automation.HomePage" tests="2" failures="0" timestamp="11 Feb 2019 01:21:55 GMT" time="16.055" errors="0">
  <testcase name="basePageNavigation" time="12.648" classname="Automation.HomePage"/>
  <testcase name="basePageNavigation" time="3.407" classname="Automation.HomePage"/>
</testsuite> <!-- Automation.HomePage -->
