<?xml version="1.0" encoding="UTF-8"?>
<!-- Generated by org.testng.reporters.JUnitReportReporter -->
<testsuite skipped="0" hostname="DESKTOP-5LTT133" name="Automation.ValidaNavigation" tests="1" failures="0" timestamp="11 Feb 2019 01:23:45 GMT" time="0.118" errors="0">
  <testcase name="basePageNavigation" time="0.118" classname="Automation.ValidaNavigation"/>
</testsuite> <!-- Automation.ValidaNavigation -->
