<?xml version="1.0" encoding="UTF-8"?>
<!-- Generated by org.testng.reporters.JUnitReportReporter -->
<testsuite skipped="0" hostname="DESKTOP-5LTT133" name="Automation.HomePage" tests="2" failures="0" timestamp="11 Feb 2019 01:23:45 GMT" time="20.096" errors="0">
  <testcase name="basePageNavigation" time="6.930" classname="Automation.HomePage"/>
  <testcase name="basePageNavigation" time="13.166" classname="Automation.HomePage"/>
</testsuite> <!-- Automation.HomePage -->
